208186          000002850002740094029046120231002000026565012854002400209402904619 0101P                    00000000000
208186          000002850002740094077103120231002000006000002854002400209407710316 0101P                    00000000000
208186          000002850002740094103947120231002000010889662854002400209410394718 0101P                    00000005914
208186          000002850002740094105601420231002000010675002854002400209410560142 0101P                    00000000000
208186          000002850002740094112978920231002000013125002854002400209411297892 0101P                    00000000000
208186          000002850002740094604724320231002000001009272854002400209460472437 0101P                    00000000000
208186          000002850002740094614637220231002000015109502854002400209461463726 0101P                    00000129820
208186          000002850002740094648079420231002000016984852854002400209464807943 0101P                    00000000000
208186          000002850002740094649826320231002000014510002854078400209464982637 0101P                    00001451000
208186          000002850002740094650872020231002000007915002854002400209465087203 0101P                    00000000000
208186          000002850002740094652535520231002000009235002854002400209465253552 0101P                    00000923500
208186          000002850002740094652923020231002000018150002854002400209465292304 0101P                    00000000000
208186          000002850002740094668819320231002000004750002854002400209466881932 0101P                    00000000072
208186          000002850002740094704615320231002000003960002854002400209470461539 0101P                    00000000000
208186          000002850002740094704615520231002000006335002854002400209470461555 0101P                    00000633500
208186          000002850002740094705675020231002000020040962854002400209470567505 0101P                    00000000000
208186          000002850002740094707548620231002000004500002854002400209470754862 0101P                    00000000000
208186          000002850002740094710697320231002000013075002854002400209471069736 0101P                    00000000000
208186          000002850002740094715927820231002000023128202854002400209471592784 0101P                    00000000000
208186          000002850002740094715938620231002000034645012854002400209471593866 0101P                    00003464501
208186          000002850002740094718628920231002000027070002854002400209471862890 0101P                    00000000000
208186          000002850002740094718631820231002000016070002854002400209471863187 0101P                    00000000000
208186          000002850002740094729479520231002000008445002854002400209472947950 0101P                    00000000000
208186          000002850002740094732644820231002000016947592854002400209473264481 0101P                    00000000000
208186          000002850002740094735656720231002000009235002854002400209473565676 0101P                    00000923500
208186          000002850002740094754348220231002000017500002854002400209475434828 0101P                    00000000000
208186          000002850002740094754352320231002000009235002854002400209475435232 0101P                    00000000000
208186          000002850002740094769227320231002000035500012854002400209476922733 0101P                    00000000000
208186          000002850002740094769240820231002000017473082854002400209476924085 0101P                    00000000000
208186          000002850002740094776600920231002000002695082854002400209477660098 0101P                    00000000000
208186          000002850002740094841221020231002000006665002854002400209484122109 0101P                    00000000000
208186          000002850002740095015102820231002000030853142854002400209501510283 0101P                    00000000000
208186          000002850002740095204282920231002000014838012854002400209520428291 0101P                    00000000000
208186          000002850002740095217024620231002000005738172854002400209521702464 0101P                    00000000000
208186          000002850002740095316548320231002000009235002854002400209531654832 0101P                    00000000000
208186          000002850002740095406997520231002000007722752854002400209540699754 0101P                    00000000000
208186          000002850002740095434108020231002000017410002854002400209543410802 0101P                    00000000000
208186          000002850004140094751113720231002000002698152854004400409475111370 0101P                    00000269815
208186          000002850005840094121513220231002000005280002854005400509412151326 0101P                    00000000000
208186          000002850006540094787074420231002000012108092854006400609478707446 0101P                    00000271567
208186          000002850008940094825715920231002000020000002854008400809482571598 0101P                    00000000000
208186          000002850010240094645783320231002000015210002854010401009464578335 0101P                    00001521000
208186          000002850013340094647025720231002000028670012854013401309464702570 0101P                    00000000000
208186          000002850014040094012963620231002000002145342854014401409401296364 0101P                    00000000000
208186          000002850014040094017452620231002000013500002854014401409401745266 0101P                    00000000000
208186          000002850014040094096508620231002000030390002854014401409409650861 0101P                    00000000000
208186          000002850014040094534159620231002000005500002854014401409453415964 0101P                    00000550000
208186          000002850014040094636384420231002000012670002854014401409463638445 0101P                    00000000000
208186          000002850014040094639587920231002000006500002854014401409463958790 0101P                    00000000000
208186          000002850014040094661188220231002000010492452854014401409466118823 0101P                    00000000000
208186          000002850014040094666986620231002000015000002854014401409466698660 0101P                    00000000000
208186          000002850014040094667583920231002000014780002854014401409466758393 0101P                    00001478000
208186          000002850014040094669264320231002000016676222854014401409466926431 0101P                    00000000000
208186          000002850014040094685630920231002000015718552854014401409468563090 0101P                    00000000000
208186          000002850014040094685661620231002000007500002854014401409468566163 0101P                    00000750000
208186          000002850014040094716010020231002000004695812854014401409471601008 0101P                    00000000000
208186          000002850014040094732595420231002000005333422854014401409473259546 0101P                    00000000000
208186          000002850014040094742789020231002000006499592854014401409474278900 0101P                    00000000000
208186          000002850014040094751153820231002000008000002854014401409475115381 0101P                    00000800000
208186          000002850014040094754448120231002000018045002854014401409475444814 0101P                    00001804500
208186          000002850014040094754461420231002000023021092854014401409475446140 0101P                    00000000000
208186          000002850014040094819359820231002000013195002854014401409481935982 0101P                    00001319500
208186          000002850014040094902540420231002000003171612854014401409490254047 0101P                    00000317161
208186          000002850014040094982379020231002000004220002854014401409498237905 0101P                    00000000000
208186          000002850014040094993265920231002000008250002854014401409499326596 0101P                    00000000000
208186          000002850014040095023252420231002000005613582854014401409502325240 0101P                    00000561358
208186          000002850014040095023279520231002000007933862854014401409502327954 0101P                    00000000000
208186          000002850014040095316523820231002000036220002854014401409531652388 0101P                    00000000000
208186          000002850014040095360223320231002000011000002854014401409536022333 0101P                    00000000000
208186          000002850014040095473806720231002000008000002854014401409547380675 0101P                    00000000000
208186          000002850018840094691772620231002000007132962854018401809469177269 0101P                    00000000000
208186          000002850019540094653358720231002000015465002854019401909465335870 0101P                    00000000000
208186          000002850019540094653574120231002000013195002854019401909465357410 0101P                    00000000000
208186          000002850019540094663003020231002000006355002854019401909466300303 0101P                    00000000000
208186          000002850019540094666666120231002000011247812854019401909466666614 0101P                    00001124781
208186          000002850019540094722924720231002000007127802854019401909472292470 0101P                    00000000000
208186          000002850019540094784255020231002000007000002854019401909478425500 0101P                    00000000000
208186          000002850019540094830557620231002000005280002854019401909483055767 0101P                    00000000000
208186          000002850019540094907454820231002000011825002854019401909490745486 0101P                    00000000000
208186          000002850019540095353686520231002000008835002854019401909535368658 0101P                    00000000000
208186          000002850020140094531034920231002000008458462854020402009453103496 0101P                    00000000000
208186          000002850020140094695075420231002000006070002854020402009469507545 0101P                    00000000000
208186          000002850021840094704665920231002000006133072854021402109470466592 0101P                    00000613307
208186          000002850021840094713338120231002000016572282854021402109471333811 0101P                    00000000000
208186          000002850021840094722932120231002000005625002854021402109472293217 0101P                    00000000000
208186          000002850021840094747614120231002000018334762854021402109474761415 0101P                    00000000000
208186          000002850021840095434091820231002000007915002854021402109543409183 0101P                    00000791500
208186          000002850022540095393165820231002000001053102854022402209539316581 0101P                    00000000000
208186          000002850023240094688544020231002000012500272854023402309468854404 0101P                    00001250027
208186          000002850023240094688546520231002000007915002854023402309468854651 0101P                    00000000000
208186          000002850024940094972678220231002000019409972854024402409497267826 0101P                    00000000000
208186          000002850028740094620886720231002000017094432854028402809462088672 0101P                    00000000000
208186          000002850029440094086173820231002000003200002854029402909408617384 0101P                    00000000000
208186          000002850029440094685854420231002000008998762854029402909468585441 0101P                    00000899876
208186          000002850029440094760701820231002000013149212854029402909476070186 0101P                    00000000000
208186          000002850031740094643982620231002000014285002854031403109464398265 0101P                    00000000000
208186          000002850031740094691838320231002000009235002854031403109469183837 0101P                    00000000000
208186          000002850031740094698638320231002000024400002854031403109469863830 0101P                    00000000000
208186          000002850031740094718786120231002000007425002854031403109471878615 0101P                    00000000000
208186          000002850031740094742854420231002000014970002854031403109474285445 0101P                    00000000000
208186          000002850031740094830566720231002000006665002854031403109483056676 0101P                    00000000000
208186          000002850031740095307987320231002000017220002854031403109530798737 0101P                    00000000000
208186          000002850031740095325980420231002000008250002854031403109532598049 0101P                    00000090672
208186          000002850031740095346188620231002000003268082854031403109534618866 0101P                    00000000000
208186          000002850031740095486116720231002000008250002854031403109548611679 0101P                    00000000000
208186          000002850037940094533977220231002000008470182854037403709453397723 0101P                    00000000000
208186          000002850037940094651828020231002000009460002854037403709465182807 0101P                    00000000000
208186          000002850037940094691855120231002000036630002854037403709469185512 0101P                    00000000000
208186          000002850037940094691866620231002000018880002854037403709469186665 0101P                    00000000000
208186          000002850037940094691872320231002000005636862854037403709469187239 0101P                    00000000000
208186          000002850037940094698641920231002000019130002854037403709469864198 0101P                    00000000000
208186          000002850037940094704689020231002000007190002854037403709470468903 0101P                    00000000000
208186          000002850037940094718799920231002000007191532854037403709471879999 0101P                    00000000000
208186          000002850037940094757285520231002000003903882854037403709475728552 0101P                    00000000000
208186          000002850037940094907564320231002000005085002854037403709490756437 0101P                    00000508500
208186          000002850037940094948749820231002000015196572854037403709494874988 0101P                    00000000000
208186          000002850037940095023257320231002000003885062854037403709502325732 0101P                    00000388506
208186          000002850037940095166509020231002000036500012854037403709516650907 0101P                    00000000000
208186          000002850037940095307988720231002000008749452854037403709530798870 0101P                    00000000000
208186          000002850037940095367838920231002000004716362854037403709536783898 0101P                    00000000000
208186          000002850037940095504785520231002000007629772854037403709550478558 0101P                    00000070000
208186          000002850042340095481025520231002000000603682854042404209548102555 0101P                    00000000000
208186          000002850054640095178601920231002000015590492854054405409517860192 0101P                    00000000000
208186          000002850054640095413992320231002000020405002854054405409541399235 0101P                    00000000000
208186          000002850054640095513825320231002000009550002854054405409551382537 0101P                    00000000000
208186          000002850100640000004403920231002000025988412854100410000000440392 0101P                    00002598841
208186          000002850100640000004407920231002000012357082854100410000000440798 0101P                    00001235708
208186          000002850100640000004587120231002000024125012854100410000000458717 0101P                    00002412501
208186          000002850100640000004848120231002000013514742854100410000000484817 0101P                    00000009237
208186          000002850100640000803620220231002000015625002854100410000080362029 0101P                    00000000000
208186          000002850100640000806092120231002000036938862854100410000080609212 0101P                    00000002000
208186          000002850100640000836831420231002000017255002854100410000083683143 0101P                    00000000000
208186          000002850100640000841247220231002000013747412854100410000084124722 0101P                    00000000000
208186          000002850100640000842898220231002000025860012854120410000084289825 0101P                    00002586001
208186          000002850100640094009177920231002000018561242854100410009400917792 0101P                    00001856124
208186          000002850100640094010954720231002000012154372854100410009401095475 0101P                    00000012017
208186          000002850100640094022230420231002000008609042854100410009402223042 0101P                    00000000000
208186          000002850100640094028459720231002000033374132854100410009402845970 0101P                    00000000000
208186          000002850100640094028878220231002000019788182854100410009402887824 0101P                    00000000000
208186          000002850100640094039340220231002000039585012854100410009403934024 0101P                    00000000000
208186          000002850100640094045485720231002000017194232854100410009404548570 0101P                    00000004727
208186          000002850100640094055783620231002000015140712854100410009405578363 0101P                    00001514071
208186          000002850100640094058885520231002000005077352854100410009405888550 0101P                    00000020878
208186          000002850100640094062705520231002000013750002854100410009406270558 0101P                    00000000000
208186          000002850100640094065257120231002000011226052854100410009406525717 0101P                    00001122605
208186          000002850100640094067093120231002000012755842854100410009406709319 0101P                    00001275584
208186          000002850100640094080225220231002000015040002854100410009408022524 0101P                    00000000000
208186          000002850100640094085804420231002000006504192854100410009408580444 0101P                    00000000000
208186          000002850100640094097932020231002000004993472854100410009409793207 0101P                    00000499347
208186          000002850100640094106267920231002000011483362854100410009410626792 0101P                    00000000000
208186          000002850100640094110020520231002000010555002854100410009411002050 0101P                    00000000031
208186          000002850100640094535126120231002000010175002854100410009453512618 0101P                    00001017500
208186          000002850100640094581837020231002000007911572854100410009458183709 0101P                    00000027236
208186          000002850100640094582717820231002000004219522854120410009458271783 0101P                    00000421952
208186          000002850100640094605907020231002000033777912854100410009460590708 0101P                    00000000000
208186          000002850100640094605907120231002000019920372854100410009460590711 0101P                    00000000000
208186          000002850100640094609978320231002000040692332854100410009460997839 0101P                    00000000710
208186          000002850100640094623364620231002000018180002854100410009462336467 0101P                    00000000000
208186          000002850100640094634762320231002000008525002854100410009463476236 0101P                    00000852500
208186          000002850100640094648448920231002000023750002854100410009464844892 0101P                    00000000000
208186          000002850100640094656727420231002000011331732854100410009465672744 0101P                    00000000000
208186          000002850100640094691566620231002000005500002854130410009469156668 0101P                    00000000000
208186          000002850100640094693986820231002000006070002854100410009469398680 0101P                    00000000000
208186          000002850100640094695673620231002000030907952854100410009469567363 0101P                    00003090795
208186          000002850100640094703928320231002000019445012854100410009470392833 0101P                    00000000000
208186          000002850100640094708119520231002000031749912854100410009470811956 0101P                    00003174991
208186          000002850100640094710651920231002000006664042854120410009471065190 0101P                    00000666404
208186          000002850100640094726310420231002000006269702854120410009472631048 0101P                    00000000000
208186          000002850100640094748381320231002000013195002854100410009474838133 0101P                    00001319500
208186          000002850100640094763831720231002000006537132854100410009476383172 0101P                    00000653713
208186          000002850100640094768937420231002000037129012854100410009476893743 0101P                    00003712901
208186          000002850100640094796941820231002000008476622854100410009479694183 0101P                    00000847662
208186          000002850100640094943995320231002000023877362854100410009494399537 0101P                    00000000000
208186          000002850100640095039439720231002000021986942854100410009503943979 0101P                    00000000000
208186          000002850100640095206547720231002000021535192854100410009520654775 0101P                    00000000000
208186          000002850101340000849834120231002000005335002854101410100084983417 0101P                    00000533500
208186          000002850101340094640167420231002000009075002854101410109464016749 0101P                    00000000000
208186          000002850101340095062679920231002000009500002854101410109506267993 0101P                    00000000000
208186          000002850102040000841593120231002000014915452854102410200084159317 0101P                    00000000000
208186          000002850102040094002630120231002000022533242854102410209400263017 0101P                    00000000000
208186          000002850104440000000404920231002000015655152854104410400000040499 0101P                    00000000000
208186          000002850104440094056899320231002000014514742854104410409405689939 0101P                    00000000000
208186          000002850104440094062681120231002000011464742854104410409406268119 0101P                    00000000000
208186          000002850104440094075640520231002000034720012854104410409407564052 0101P                    00000000000
208186          000002850104440094121924620231002000007814932854104410409412192462 0101P                    00000000000
208186          000002850104440094121925220231002000055995542854104410409412192521 0101P                    00000000000
208186          000002850104440094533148320231002000006238102854104410409453314834 0101P                    00000623810
208186          000002850104440094607735220231002000006595002854104410409460773521 0101P                    00000000000
208186          000002850104440094609760420231002000008250002854104410409460976049 0101P                    00000000000
208186          000002850104440094612825420231002000029790002854104410409461282545 0101P                    00002979000
208186          000002850104440094622115620231002000005341542854104410409462211562 0101P                    00000302526
208186          000002850104440094624825820231002000006875002854104410409462482584 0101P                    00000000000
208186          000002850104440094638387020231002000012160002854104410409463838702 0101P                    00000000000
208186          000002850104440094640680520231002000004265002854104410409464068054 0101P                    00000000000
208186          000002850104440094648468220231002000040765012854104410409464846825 0101P                    00000000000
208186          000002850104440094655029820231002000016873372854104410409465502982 0101P                    00000000000
208186          000002850104440094663173720231002000005329072854104410409466317372 0101P                    00000000000
208186          000002850104440094663180020231002000010479072854104410409466318005 0101P                    00000000000
208186          000002850104440094682259320231002000007780002854104410409468225930 0101P                    00000778000
208186          000002850104440094682461420231002000001865002854104410409468246140 0101P                    00000000000
208186          000002850104440094683102820231002000007979132854104410409468310287 0101P                    00000000000
208186          000002850104440094686054220231002000011570002854104410409468605426 0101P                    00000000000
208186          000002850104440094686123820231002000008250002854104410409468612381 0101P                    00000000000
208186          000002850104440094698657720231002000012155002854104410409469865775 0101P                    00000000000
208186          000002850104440094698677120231002000004065002854104410409469867711 0101P                    00000000000
208186          000002850104440094698678420231002000020585012854104410409469867841 0101P                    00000000000
208186          000002850104440094698688320231002000006860002854104410409469868835 0101P                    00000000000
208186          000002850104440094701846720231002000020585002854104410409470184672 0101P                    00000000000
208186          000002850104440094701852220231002000005280002854104410409470185220 0101P                    00000000000
208186          000002850104440094701856620231002000003690002854104410409470185666 0101P                    00000000000
208186          000002850104440094703195420231002000020335002854104410409470319540 0101P                    00000000000
208186          000002850104440094726539120231002000006875002854104410409472653910 0101P                    00000000000
208186          000002850104440094726544920231002000019247502854104410409472654496 0101P                    00000000000
208186          000002850104440094732685820231002000005315002854104410409473268580 0101P                    00000531500
208186          000002850104440094743083920231002000007655002854104410409474308391 0101P                    00000000000
208186          000002850104440094747396920231002000009416972854104410409474739690 0101P                    00000000000
208186          000002850104440094757194520231002000013195002854104410409475719459 0101P                    00000000000
208186          000002850104440094768994320231002000049270602854104410409476899439 0101P                    00004927060
208186          000002850104440094776680020231002000010600002854104410409477668007 0101P                    00001060000
208186          000002850104440094825687620231002000015470002854104410409482568761 0101P                    00000000000
208186          000002850104440094841258720231002000004620002854104410409484125878 0101P                    00000000000
208186          000002850104440094902584420231002000009375002854104410409490258449 0101P                    00000000000
208186          000002850104440094902584820231002000003890002854104410409490258481 0101P                    00000012181
208186          000002850104440094993279520231002000006095442854104410409499327955 0101P                    00000000000
208186          000002850104440095052284720231002000010690132854104410409505228472 0101P                    00000000000
208186          000002850104440095291334620231002000012628652854104410409529133468 0101P                    00000000000
208186          000002850104440095353264220231002000018698092854104410409535326427 0101P                    00001869809
208186          000002850104440095364211620231002000016095002854104410409536421165 0101P                    00001609500
208186          000002850104440095497952520231002000021623082854104410409549795253 0101P                    00000000000
208186          000002850105140094605057120231002000004800002854172410509460505715 0101P                    00000000000
208186          000002850105140094702950120231002000008475002854128410509470295017 0101P                    00000000000
208186          000002850105140094930372720231002000022996392854105410509493037278 0101P                    00002299639
208186          000002850106840000000189920231002000010323062854106410600000018993 0101P                    00001032306
208186          000002850106840000801102120231002000032195012854106410600080110213 0101P                    00000000000
208186          000002850106840000806770520231002000011253372854106410600080677051 0101P                    00001125337
208186          000002850106840000825393220231002000055041462854106410600082539322 0101P                    00000000000
208186          000002850106840094058837620231002000008580532854106410609405883760 0101P                    00000000000
208186          000002850106840094064579320231002000004130002854106410609406457933 0101P                    00000000000
208186          000002850106840094093688020231002000009623232854106410609409368809 0101P                    00000000000
208186          000002850106840094098834420231002000008710002854106410609409883445 0101P                    00000000000
208186          000002850106840094529921020231002000018829562854106410609452992103 0101P                    00001882956
208186          000002850106840094567684820231002000008440002854106410609456768483 0101P                    00000000000
208186          000002850106840094621457220231002000011197572854106410609462145724 0101P                    00000000000
208186          000002850106840094633572220231002000029555012854106410609463357229 0101P                    00000000000
208186          000002850106840094643894120231002000004750002854106410609464389410 0101P                    00000475000
208186          000002850106840094648346920231002000012915712854106410609464834691 0101P                    00000000000
208186          000002850106840094648354220231002000020038722854106410609464835425 0101P                    00000000000
208186          000002850106840094675652620231002000005860842854106410609467565266 0101P                    00000586084
208186          000002850106840094679685020231002000013750002854106410609467968504 0101P                    00000000000
208186          000002850106840094683659920231002000021915002854106410609468365997 0101P                    00000000000
208186          000002850106840094691118520231002000010420002854106410609469111856 0101P                    00000000000
208186          000002850106840094691931920231002000008691132854106410609469193197 0101P                    00000000000
208186          000002850106840094698673720231002000018210002854106410609469867375 0101P                    00001821000
208186          000002850106840094698694920231002000001943012854106410609469869496 0101P                    00000194301
208186          000002850106840094701909320231002000005975792854106410609470190934 0101P                    00000000000
208186          000002850106840094701929720231002000018705932854106410609470192970 0101P                    00000000000
208186          000002850106840094707644720231002000023375002854106410609470764470 0101P                    00000000000
208186          000002850106840094714198720231002000025070002854106410609471419876 0101P                    00002507000
208186          000002850106840094722257320231002000055905742854106410609472225739 0101P                    00000000000
208186          000002850106840094726694420231002000008000002854106410609472669445 0101P                    00000000000
208186          000002850106840094726696820231002000008800002854106410609472669689 0101P                    00000880000
208186          000002850106840094743097320231002000015285822854106410609474309734 0101P                    00000000000
208186          000002850106840094747411920231002000009564612854106410609474741198 0101P                    00000000000
208186          000002850106840094747415420231002000008079762854106410609474741547 0101P                    00000807976
208186          000002850106840094751003420231002000008800002854106410609475100345 0101P                    00000000000
208186          000002850106840094751226320231002000020320002854106410609475122637 0101P                    00002032000
208186          000002850106840094754524220231002000008414602854106410609475452428 0101P                    00000000000
208186          000002850106840094773708220231002000018100002854106410609477370825 0101P                    00000000000
208186          000002850106840094784372520231002000015949432854106410609478437255 0101P                    00001594943
208186          000002850106840094819417920231002000008642092854106410609481941794 0101P                    00000864209
208186          000002850106840094825692320231002000015673482854106410609482569234 0101P                    00001567348
208186          000002850106840094846252420231002000012665002854106410609484625248 0101P                    00000000000
208186          000002850106840094858410120231002000023750002854106410609485841014 0101P                    00002375000
208186          000002850106840094864274620231002000024655002854106410609486427466 0101P                    00000006891
208186          000002850106840094882913920231002000008970002854106410609488291391 0101P                    00000000000
208186          000002850106840094882915220231002000011345002854106410609488291522 0101P                    00000000000
208186          000002850106840094889660420231002000055390012854106410609488966042 0101P                    00000000000
208186          000002850106840094891946620231002000015935042854106410609489194664 0101P                    00000000000
208186          000002850106840094902590320231002000009784342854106410609490259039 0101P                    00000978434
208186          000002850106840094960431020231002000021110002854106410609496043100 0101P                    00002111000
208186          000002850106840094967119120231002000009908962854106410609496711911 0101P                    00000000000
208186          000002850106840094972691820231002000028750002854106410609497269181 0101P                    00000000000
208186          000002850106840094972693420231002000009000002854106410609497269341 0101R                    00000900000
208186          000002850106840094974619520231002000019188572854106410609497461950 0101P                    00000000000
208186          000002850106840094977877720231002000008387692854106410609497787773 0101P                    00000000000
208186          000002850106840094987783520231002000011465002854106410609498778352 0101P                    00000000000
208186          000002850106840094999574420231002000007947242854106410609499957442 0101P                    00000024700
208186          000002850106840095023265120231002000006665002854106410609502326511 0101P                    00000000000
208186          000002850106840095023266420231002000007339282854106410609502326641 0101P                    00000000000
208186          000002850106840095034353120231002000016800002854106410609503435315 0101P                    00001680000
208186          000002850106840095057283320231002000007998762854106410609505728334 0101P                    00000000000
208186          000002850106840095166515220231002000011464612854106410609516651526 0101P                    00000000000
208186          000002850106840095205869220231002000011712192854106410609520586920 0101P                    00000000000
208186          000002850106840095298176520231002000007923992854106410609529817658 0101P                    00000000000
208186          000002850106840095353703920231002000012900122854106410609535370390 0101P                    00000000000
208186          000002850106840095392975020231002000006250002854106410609539297503 0101P                    00000000000
208186          000002850106840095407011720231002000011867162854106410609540701170 0101P                    00000000000
208186          000002850106840095425348220231002000037800002854153410609542534826 0101P                    00000000000
208186          000002850106840095434131620231002000014000822854106410609543413164 0101P                    00001400082
208186          000002850106840095442940320231002000008246672854106410609544294038 0101P                    00000824667
208186          000002850107540000000458020231002000017037602854107410700000045804 0101P                    00000001304
208186          000002850107540000000466020231002000014186982854107410700000046609 0101P                    00000020323
208186          000002850107540000000509620231002000056000002854107410700000050961 0101P                    00002872735
208186          000002850107540000000514120231002000025548842854107410700000051414 0101P                    00000000000
208186          000002850107540094028060320231002000026548732854107410709402806030 0101P                    00000000000
208186          000002850107540094035417620231002000013030002854107410709403541769 0101P                    00000000000
208186          000002850107540094062674320231002000019982602854107410709406267431 0101P                    00000000000
208186          000002850107540094064765220231002000004165322854107410709406476527 0101P                    00000416532
208186          000002850107540094072131820231002000031126532854107410709407213181 0101P                    00000002378
208186          000002850107540094575593820231002000004997342854107410709457559385 0101P                    00000499734
208186          000002850107540094577406120231002000002430002854107410709457740611 0101P                    00000000000
208186          000002850107540094609592020231002000019735002854107410709460959202 0101P                    00000000000
208186          000002850107540094632609120231002000007125002854107410709463260910 0101P                    00000522274
208186          000002850107540094641778720231002000002622192854107410709464177873 0101P                    00000000000
208186          000002850107540094681307520231002000017706572854107410709468130755 0101P                    00001770657
208186          000002850107540094682105720231002000013166102854107410709468210574 0101P                    00000000000
208186          000002850107540094691939220231002000005935002854107410709469193924 0101P                    00000000000
208186          000002850107540094699431620231002000009110502854107410709469943167 0101P                    00000000000
208186          000002850107540094710567020231002000007535002854107410709471056707 0101P                    00000000000
208186          000002850107540094710567120231002000009461302854107410709471056710 0101P                    00000000000
208186          000002850107540094723093120231002000007789072854107410709472309312 0101P                    00000000000
208186          000002850107540094734231920231002000005793682854107410709473423194 0101P                    00000579368
208186          000002850107540094742969820231002000010665002854107410709474296988 0101P                    00000000000
208186          000002850107540094834415120231002000047330012854107410709483441515 0101P                    00000000000
208186          000002850107540094836305820231002000001930242854107410709483630586 0101P                    00000000000
208186          000002850107540094869264720231002000015916942854107410709486926477 0101P                    00000000000
208186          000002850107540094967373620231002000004483662854107410709496737360 0101P                    00000062414
208186          000002850107540095028965920231002000004055232854107410709502896593 0101P                    00000000000
208186          000002850107540095221303620231002000005862202854107410709522130369 0101P                    00000586220
208186          000002850107540095497956620231002000003575002854107410709549795660 0101P                    00000357500
208186          000002850108240094825278920231002000006601952854108410809482527898 0101P                    00000049976
208186          000002850108240094869866420231002000006250002854108410809486986644 0101P                    00000625000
208186          000002850114340094729471020231002000002135002854114411409472947107 0101P                    00000000000
208186          000002850114340095221529120231002000006250002854114411409522152912 0101P                    00000000000
208186          000002850115040094977937020231002000015370002854115411509497793703 0101P                    00000000000
208186          000002850120440094754362620231002000001865002854120412009475436268 0101P                    00000000000
208186          000002850120440094764207420231002000015427022854120412009476420747 0101P                    00000000000
208186          000002850120440095382194920231002000006135002854120412009538219490 0101P                    00000000000
208186          000002850120440095392984920231002000013618242854120412009539298496 0101P                    00000000000
208186          000002850120440095481043620231002000021000002854120412009548104360 0101P                    00000000000
208186          000002850121140094792365620231002000009080742854121412109479236569 0101P                    00000700597
208186          000002850121140094792432820231002000004375002854121412109479243280 0101P                    00000000000
208186          000002850121140094907358820231002000011875002854121412109490735881 0101P                    00000000000
208186          000002850121140095211172820231002000003260872854121412109521117284 0101P                    00000000000
208186          000002850124240094107925520231002000022375932854124412409410792556 0101P                    00002237593
208186          000002850124240095215097720231002000039860002854124412409521509773 0101P                    00003986000
208186          000002850124240095283141320231002000007914752854124412409528314130 0101P                    00000000000
208186          000002850124240095338204120231002000021250002854124412409533820415 0101P                    00000000000
208186          000002850124240095414067920231002000005280002854124412409541406799 0101P                    00000000000
208186          000002850125940000000157620231002000055998742854125412500000015762 0101P                    00000000000
208186          000002850125940094769865720231002000004800002854125412509476986575 0101P                    00000480000
208186          000002850125940095504817920231002000002937402854125412509550481792 0101P                    00000000000
208186          000002850126640094059550220231002000013194862854100412609405955021 0101P                    00000007091
208186          000002850126640094064145520231002000010000002854120412609406414558 0101P                    00001000000
208186          000002850128040095069135320231002000006590882854128412809506913539 0101P                    00000009256
208186          000002850131040094537589620231002000013750002854131413109453758960 0101P                    00000000000
208186          000002850131040094695300420231002000014248382854131413109469530048 0101P                    00000000000
208186          000002850131040094704802520231002000011947812854131413109470480253 0101P                    00000000000
208186          000002850131040094715723520231002000003630002854131413109471572353 0101P                    00000000000
208186          000002850131040094726563020231002000010665002854131413109472656302 0101P                    00000000000
208186          000002850131040094757219620231002000015993012854131413109475721960 0101P                    00000000000
208186          000002850136540094723170520231002000003300002854136413609472317056 0101P                    00000000000
208186          000002850137240094987801020231002000011552562854137413709498780108 0101P                    00001155256
208186          000002850150140094072019420231002000015776132854150415009407201944 0101P                    00000000000
208186          000002850150140094573239820231002000004265002854150415009457323986 0101P                    00000000000
208186          000002850150140094617053120231002000028455112854150415009461705318 0101P                    00000000000
208186          000002850150140094874224620231002000003078792854150415009487422462 0101P                    00000000000
208186          000002850150140095200413020231002000010836332854150415009520041302 0101P                    00000000000
208186          000002850150140095466211520231002000006050002854150415009546621155 0101P                    00000000000
208186          000002850200940000200514020231002000017247772854228420000020051409 0101P                    00000000000
208186          000002850200940000200773020231002000007546142854228420000020077302 0101P                    00000000000
208186          000002850200940000204484020231002000001410362854228420000020448403 0101P                    00000000000
208186          000002850200940000212427020231002000026000002854228420000021242705 0101P                    00000000000
208186          000002850200940000806249220231002000019000002854228420000080624925 0101P                    00000000000
208186          000002850200940094002483820231002000003983742854200420009400248388 0101P                    00000000000
208186          000002850200940094012064020231002000007489372854228420009401206406 0101P                    00000000000
208186          000002850200940094012221020231002000020000002854200420009401222103 0101P                    00002000000
208186          000002850200940094059197420231002000009550002854228420009405919746 0101P                    00000000000
208186          000002850200940094107686320231002000013093472854200420009410768636 0101P                    00000000000
208186          000002850200940094118835920231002000017260002854200420009411883590 0101P                    00001726000
208186          000002850200940094584790620231002000013370002854228420009458479062 0101P                    00000000000
208186          000002850200940094593737020231002000016250002854228420009459373707 0101P                    00000000000
208186          000002850200940094851755920231002000056000002854228420009485175597 0101P                    00000000000
208186          000002850200940095207468620231002000019650002854228420009520746861 0101P                    00000000000
208186          000002850202340000805193920231002000019016012854202420200080519393 0101P                    00000000000
208186          000002850202340000844639020231002000009319412854202420200084463906 0101P                    00000000000
208186          000002850202340000845401120231002000024203512854202420200084540115 0101P                    00000000000
208186          000002850202340094099099520231002000025311002854202420209409909956 0101P                    00002531100
208186          000002850202340094652147020231002000011462292854202420209465214700 0101P                    00000653060
208186          000002850202340094682096520231002000009063162854202420209468209653 0101P                    00000906316
208186          000002850202340094698873420231002000018665002854202420209469887344 0101P                    00000000000
208186          000002850202340094704880720231002000006985432854202420209470488073 0101P                    00000000000
208186          000002850202340094704882220231002000019877092854202420209470488220 0101P                    00000000000
208186          000002850202340094704885020231002000004075752854202420209470488507 0101P                    00000000000
208186          000002850202340094715739220231002000013566682854202420209471573927 0101P                    00001356668
208186          000002850202340094729602820231002000008610002854202420209472960281 0101P                    00000000000
208186          000002850202340094779971620231002000021752222854202420209477997165 0101P                    00000000000
208186          000002850202340094782402620231002000051957702854202420209478240262 0101P                    00000000000
208186          000002850202340094861804720231002000005065002854202420209486180475 0101P                    00000000000
208186          000002850202340094861809120231002000008750002854202420209486180912 0101P                    00000875000
208186          000002850202340094861814820231002000015595002854202420209486181485 0101P                    00000000000
208186          000002850202340094861819320231002000015980362854202420209486181935 0101P                    00000000000
208186          000002850202340094978165920231002000006235002854202420209497816590 0101P                    00000000000
208186          000002850202340095298449020231002000023091562854202420209529844902 0101P                    00000000000
208186          000002850202340095346218420231002000000930412854202420209534621840 0101P                    00000000000
208186          000002850202340095367800320231002000025499242854202420209536780031 0101P                    00000000000
208186          000002850202340095382219320231002000012000002854202420209538221930 0101P                    00000000000
208186          000002850202340095442874820231002000008250002854202420209544287489 0101P                    00000000000
208186          000002850203040094678794320231002000005500002854203420309467879435 0101P                    00000000000
208186          000002850203040094692093820231002000009172262854203420309469209380 0101P                    00000917226
208186          000002850203040094692095120231002000020080002854203420309469209511 0101P                    00000000000
208186          000002850203040094719111520231002000013335002854203420309471911152 0101P                    00000000000
208186          000002850203040094869869120231002000005244222854203420309486986918 0101P                    00000000000
208186          000002850204740000009720020231002000038393912854204420400000972005 0101P                    00000000000
208186          000002850204740094585259620231002000015585002854204420409458525961 0101P                    00000000000
208186          000002850204740095414046220231002000041160012854204420409541404623 0101P                    00000000000
208186          000002850204740095497937320231002000019250002854204420409549793738 0101P                    00000000000
208186          000002850205440094692035320231002000029997572854205420509469203535 0101P                    00002999757
208186          000002850206140094057217920231002000021780212854206420609405721798 0101P                    00000000000
208186          000002850206140094574494620231002000006500002854206420609457449468 0101P                    00000000000
208186          000002850206140094615960520231002000013333672854206420609461596059 0101P                    00000000000
208186          000002850206140094662552520231002000009491282854206420609466255254 0101P                    00000949128
208186          000002850206140094692041720231002000004250002854206420609469204170 0101P                    00000425000
208186          000002850206140094710739720231002000008800002854206420609471073977 0101P                    00000000000
208186          000002850206140094861811620231002000006001742854206420609486181166 0101P                    00000600174
208186          000002850206140094907538220231002000012373942854206420609490753827 0101P                    00000000000
208186          000002850206140094960476520231002000012500002854206420609496047658 0101P                    00001250000
208186          000002850206140095047321220231002000010820002854206420609504732125 0101P                    00001082000
208186          000002850206140095338223420231002000008750002854206420609533822347 0101P                    00000875000
208186          000002850207840000004508020231002000011987832854207420700000450803 0101P                    00000000000
208186          000002850207840094585251120231002000013195002854207420709458525118 0101P                    00000081614
208186          000002850207840094590237720231002000020245002854207420709459023774 0101P                    00000000000
208186          000002850207840094653756920231002000020055002854207420709465375690 0101P                    00000000000
208186          000002850207840094662604220231002000019668292854207420709466260421 0101P                    00001966829
208186          000002850207840094789809020231002000021695002854207420709478980908 0101P                    00000000000
208186          000002850207840094887658320231002000007465002854207420709488765834 0101P                    00000000000
208186          000002850207840095486178520231002000006259952854207420709548617857 0101P                    00000000000
208186          000002850209240094061565420231002000019095002854209420909406156546 0101P                    00000000000
208186          000002850209240094662478320231002000012085142854209420909466247839 0101P                    00000000000
208186          000002850210840000009663020231002000013956352854210421000000966300 0101P                    00001395635
208186          000002850210840094725951220231002000038330002854210421009472595122 0101P                    00000000000
208186          000002850600140000004713520231002000002460542854600460000000471350 0101P                    00000246054
208186          000002850600140001017862120231002000009341962854627460000101786219 0101P                    00000000000
208186          000002850600140001018206720231002000004250002854600460000101820670 0101P                    00000000000
208186          000002850600140010013613220231002000055579032854600460001001361320 0101P                    00000000000
208186          000002850600140080072504620231002000018415002854600460008007250460 0101P                    00000000000
208186          000002850600140080073202920231002000013440002854600460008007320297 0101P                    00000000000
208186          000002850600140080076484720231002000038905012854600460008007648478 0101P                    00000000000
208186          000002850600140080077484320231002000011460002854600460008007748437 0101P                    00000000000
208186          000002850600140080077712320231002000013738152854600460008007771231 0101P                    00000000000
208186          000002850600140081000647820231002000015913252854600460008100064787 0101P                    00000000000
208186          000002850600140095315968520231002000017324132854600460009531596855 0101P                    00000000000
208186          000002850603240001014210220231002000010665002854603460300101421026 0101P                    00000000000
208186          000002850603240001020320120231002000005783892854645460300102032014 0101P                    00000000000
208186          000002850603240001025138920231002000010923662854645460300102513898 0101P                    00000000000
208186          000002850610040001021547820231002000032939132854610461000102154781 0101P                    00000000000
208186          000002850619340001025142120231002000005600002854619461900102514211 0101P                    00000000000
208186          000002850620940001017527720231002000011500002854620462000101752771 0101P                    00000000000
208186          000002850623040001037469920231002000026483152854623462300103746992 0101P                    00000000000
208186          000002850624740001025134520231002000016335002854624462400102513454 0101P                    00000000000
208186          000002850627840095526048120231002000011369392854627462709552604816 0101P                    00000000000
208186          000002850628540095218867020231002000016548682854628462809521886702 0101P                    00000000000
208186          000002850628540095259021120231002000018211232854600462809525902116 0101P                    00000186000
208186          000002850628540095314537520231002000018890852854628462809531453754 0101P                    00000000000
208186          000002850638440001032970020231002000007498362854638463800103297001 0101P                    00000000000
208186          000002850642140095210934420231002000007501102854642464209521093445 0101P                    00000000000
